This file contains any messages produced by compilers while
running configure, to aid debugging if configure makes a mistake.

It was created by libdvbcsa configure 1.1.0, which was
generated by GNU Autoconf 2.69.  Invocation command line was

  $ ./configure --prefix=/usr --enable-sse2

## --------- ##
## Platform. ##
## --------- ##

hostname = acer
uname -m = i686
uname -r = 3.5.0-17-generic
uname -s = Linux
uname -v = #28-Ubuntu SMP Tue Oct 9 19:32:08 UTC 2012

/usr/bin/uname -p = unknown
/bin/uname -X     = unknown

/bin/arch              = unknown
/usr/bin/arch -k       = unknown
/usr/convex/getsysinfo = unknown
/usr/bin/hostinfo      = unknown
/bin/machine           = unknown
/usr/bin/oslevel       = unknown
/bin/universe          = unknown

PATH: /usr/lib/lightdm/lightdm
PATH: /usr/local/sbin
PATH: /usr/local/bin
PATH: /usr/sbin
PATH: /usr/bin
PATH: /sbin
PATH: /bin
PATH: /usr/games
PATH: /usr/local/games


## ----------- ##
## Core tests. ##
## ----------- ##

configure:2486: checking for a BSD-compatible install
configure:2554: result: /usr/bin/install -c
configure:2565: checking whether build environment is sane
configure:2615: result: yes
configure:2756: checking for a thread-safe mkdir -p
configure:2795: result: /bin/mkdir -p
configure:2808: checking for gawk
configure:2838: result: no
configure:2808: checking for mawk
configure:2824: found /usr/bin/mawk
configure:2835: result: mawk
configure:2846: checking whether make sets $(MAKE)
configure:2868: result: yes
configure:2999: checking for gcc
configure:3015: found /usr/bin/gcc
configure:3026: result: gcc
configure:3255: checking for C compiler version
configure:3264: gcc --version >&5
gcc (Ubuntu/Linaro 4.7.2-2ubuntu1) 4.7.2
Copyright (C) 2012 Free Software Foundation, Inc.
This is free software; see the source for copying conditions.  There is NO
warranty; not even for MERCHANTABILITY or FITNESS FOR A PARTICULAR PURPOSE.

configure:3275: $? = 0
configure:3264: gcc -v >&5
Using built-in specs.
COLLECT_GCC=gcc
COLLECT_LTO_WRAPPER=/usr/lib/gcc/i686-linux-gnu/4.7/lto-wrapper
Target: i686-linux-gnu
Configured with: ../src/configure -v --with-pkgversion='Ubuntu/Linaro 4.7.2-2ubuntu1' --with-bugurl=file:///usr/share/doc/gcc-4.7/README.Bugs --enable-languages=c,c++,go,fortran,objc,obj-c++ --prefix=/usr --program-suffix=-4.7 --enable-shared --enable-linker-build-id --with-system-zlib --libexecdir=/usr/lib --without-included-gettext --enable-threads=posix --with-gxx-include-dir=/usr/include/c++/4.7 --libdir=/usr/lib --enable-nls --with-sysroot=/ --enable-clocale=gnu --enable-libstdcxx-debug --enable-libstdcxx-time=yes --enable-gnu-unique-object --enable-plugin --enable-objc-gc --enable-targets=all --disable-werror --with-arch-32=i686 --with-tune=generic --enable-checking=release --build=i686-linux-gnu --host=i686-linux-gnu --target=i686-linux-gnu
Thread model: posix
gcc version 4.7.2 (Ubuntu/Linaro 4.7.2-2ubuntu1) 
configure:3275: $? = 0
configure:3264: gcc -V >&5
gcc: error: unrecognized command line option '-V'
gcc: fatal error: no input files
compilation terminated.
configure:3275: $? = 4
configure:3264: gcc -qversion >&5
gcc: error: unrecognized command line option '-qversion'
gcc: fatal error: no input files
compilation terminated.
configure:3275: $? = 4
configure:3295: checking whether the C compiler works
configure:3317: gcc    conftest.c  >&5
configure:3321: $? = 0
configure:3369: result: yes
configure:3372: checking for C compiler default output file name
configure:3374: result: a.out
configure:3380: checking for suffix of executables
configure:3387: gcc -o conftest    conftest.c  >&5
configure:3391: $? = 0
configure:3413: result: 
configure:3435: checking whether we are cross compiling
configure:3443: gcc -o conftest    conftest.c  >&5
configure:3447: $? = 0
configure:3454: ./conftest
configure:3458: $? = 0
configure:3473: result: no
configure:3478: checking for suffix of object files
configure:3500: gcc -c   conftest.c >&5
configure:3504: $? = 0
configure:3525: result: o
configure:3529: checking whether we are using the GNU C compiler
configure:3548: gcc -c   conftest.c >&5
configure:3548: $? = 0
configure:3557: result: yes
configure:3566: checking whether gcc accepts -g
configure:3586: gcc -c -g  conftest.c >&5
configure:3586: $? = 0
configure:3627: result: yes
configure:3644: checking for gcc option to accept ISO C89
configure:3707: gcc  -c -g -O2  conftest.c >&5
configure:3707: $? = 0
configure:3720: result: none needed
configure:3751: checking for style of include used by make
configure:3779: result: GNU
configure:3805: checking dependency style of gcc
configure:3916: result: gcc3
configure:3961: checking build system type
configure:3975: result: i686-pc-linux-gnu
configure:3995: checking host system type
configure:4008: result: i686-pc-linux-gnu
configure:4049: checking how to print strings
configure:4076: result: printf
configure:4097: checking for a sed that does not truncate output
configure:4161: result: /bin/sed
configure:4179: checking for grep that handles long lines and -e
configure:4237: result: /bin/grep
configure:4242: checking for egrep
configure:4304: result: /bin/grep -E
configure:4309: checking for fgrep
configure:4371: result: /bin/grep -F
configure:4406: checking for ld used by gcc
configure:4473: result: /usr/bin/ld
configure:4480: checking if the linker (/usr/bin/ld) is GNU ld
configure:4495: result: yes
configure:4507: checking for BSD- or MS-compatible name lister (nm)
configure:4556: result: /usr/bin/nm -B
configure:4686: checking the name lister (/usr/bin/nm -B) interface
configure:4693: gcc -c -g -O2  conftest.c >&5
configure:4696: /usr/bin/nm -B "conftest.o"
configure:4699: output
00000000 B some_variable
configure:4706: result: BSD nm
configure:4709: checking whether ln -s works
configure:4713: result: yes
configure:4721: checking the maximum length of command line arguments
configure:4851: result: 1572864
configure:4868: checking whether the shell understands some XSI constructs
configure:4878: result: yes
configure:4882: checking whether the shell understands "+="
configure:4888: result: yes
configure:4923: checking how to convert i686-pc-linux-gnu file names to i686-pc-linux-gnu format
configure:4963: result: func_convert_file_noop
configure:4970: checking how to convert i686-pc-linux-gnu file names to toolchain format
configure:4990: result: func_convert_file_noop
configure:4997: checking for /usr/bin/ld option to reload object files
configure:5004: result: -r
configure:5078: checking for objdump
configure:5094: found /usr/bin/objdump
configure:5105: result: objdump
configure:5137: checking how to recognize dependent libraries
configure:5339: result: pass_all
configure:5424: checking for dlltool
configure:5454: result: no
configure:5484: checking how to associate runtime and link libraries
configure:5511: result: printf %s\n
configure:5572: checking for ar
configure:5588: found /usr/bin/ar
configure:5599: result: ar
configure:5636: checking for archiver @FILE support
configure:5653: gcc -c -g -O2  conftest.c >&5
configure:5653: $? = 0
configure:5656: ar cru libconftest.a @conftest.lst >&5
configure:5659: $? = 0
configure:5664: ar cru libconftest.a @conftest.lst >&5
ar: conftest.o: No such file or directory
configure:5667: $? = 1
configure:5679: result: @
configure:5737: checking for strip
configure:5753: found /usr/bin/strip
configure:5764: result: strip
configure:5836: checking for ranlib
configure:5852: found /usr/bin/ranlib
configure:5863: result: ranlib
configure:5965: checking command to parse /usr/bin/nm -B output from gcc object
configure:6085: gcc -c -g -O2  conftest.c >&5
configure:6088: $? = 0
configure:6092: /usr/bin/nm -B conftest.o \| sed -n -e 's/^.*[ ]\([ABCDGIRSTW][ABCDGIRSTW]*\)[ ][ ]*\([_A-Za-z][_A-Za-z0-9]*\)$/\1 \2 \2/p' | sed '/ __gnu_lto/d' \> conftest.nm
configure:6095: $? = 0
configure:6161: gcc -o conftest -g -O2   conftest.c conftstm.o >&5
configure:6164: $? = 0
configure:6202: result: ok
configure:6239: checking for sysroot
configure:6269: result: no
configure:6525: checking for mt
configure:6541: found /bin/mt
configure:6552: result: mt
configure:6575: checking if mt is a manifest tool
configure:6581: mt '-?'
configure:6589: result: no
configure:7231: checking how to run the C preprocessor
configure:7262: gcc -E  conftest.c
configure:7262: $? = 0
configure:7276: gcc -E  conftest.c
conftest.c:11:28: fatal error: ac_nonexistent.h: No such file or directory
compilation terminated.
configure:7276: $? = 1
configure: failed program was:
| /* confdefs.h */
| #define PACKAGE_NAME "libdvbcsa"
| #define PACKAGE_TARNAME "libdvbcsa"
| #define PACKAGE_VERSION "1.1.0"
| #define PACKAGE_STRING "libdvbcsa 1.1.0"
| #define PACKAGE_BUGREPORT ""
| #define PACKAGE_URL ""
| #define PACKAGE "libdvbcsa"
| #define VERSION "1.1.0"
| /* end confdefs.h.  */
| #include <ac_nonexistent.h>
configure:7301: result: gcc -E
configure:7321: gcc -E  conftest.c
configure:7321: $? = 0
configure:7335: gcc -E  conftest.c
conftest.c:11:28: fatal error: ac_nonexistent.h: No such file or directory
compilation terminated.
configure:7335: $? = 1
configure: failed program was:
| /* confdefs.h */
| #define PACKAGE_NAME "libdvbcsa"
| #define PACKAGE_TARNAME "libdvbcsa"
| #define PACKAGE_VERSION "1.1.0"
| #define PACKAGE_STRING "libdvbcsa 1.1.0"
| #define PACKAGE_BUGREPORT ""
| #define PACKAGE_URL ""
| #define PACKAGE "libdvbcsa"
| #define VERSION "1.1.0"
| /* end confdefs.h.  */
| #include <ac_nonexistent.h>
configure:7364: checking for ANSI C header files
configure:7384: gcc -c -g -O2  conftest.c >&5
configure:7384: $? = 0
configure:7457: gcc -o conftest -g -O2   conftest.c  >&5
configure:7457: $? = 0
configure:7457: ./conftest
configure:7457: $? = 0
configure:7468: result: yes
configure:7481: checking for sys/types.h
configure:7481: gcc -c -g -O2  conftest.c >&5
configure:7481: $? = 0
configure:7481: result: yes
configure:7481: checking for sys/stat.h
configure:7481: gcc -c -g -O2  conftest.c >&5
configure:7481: $? = 0
configure:7481: result: yes
configure:7481: checking for stdlib.h
configure:7481: gcc -c -g -O2  conftest.c >&5
configure:7481: $? = 0
configure:7481: result: yes
configure:7481: checking for string.h
configure:7481: gcc -c -g -O2  conftest.c >&5
configure:7481: $? = 0
configure:7481: result: yes
configure:7481: checking for memory.h
configure:7481: gcc -c -g -O2  conftest.c >&5
configure:7481: $? = 0
configure:7481: result: yes
configure:7481: checking for strings.h
configure:7481: gcc -c -g -O2  conftest.c >&5
configure:7481: $? = 0
configure:7481: result: yes
configure:7481: checking for inttypes.h
configure:7481: gcc -c -g -O2  conftest.c >&5
configure:7481: $? = 0
configure:7481: result: yes
configure:7481: checking for stdint.h
configure:7481: gcc -c -g -O2  conftest.c >&5
configure:7481: $? = 0
configure:7481: result: yes
configure:7481: checking for unistd.h
configure:7481: gcc -c -g -O2  conftest.c >&5
configure:7481: $? = 0
configure:7481: result: yes
configure:7495: checking for dlfcn.h
configure:7495: gcc -c -g -O2  conftest.c >&5
configure:7495: $? = 0
configure:7495: result: yes
configure:7701: checking for objdir
configure:7716: result: .libs
configure:7983: checking if gcc supports -fno-rtti -fno-exceptions
configure:8001: gcc -c -g -O2  -fno-rtti -fno-exceptions conftest.c >&5
cc1: warning: command line option '-fno-rtti' is valid for C++/ObjC++ but not for C [enabled by default]
configure:8005: $? = 0
configure:8018: result: no
configure:8345: checking for gcc option to produce PIC
configure:8352: result: -fPIC -DPIC
configure:8360: checking if gcc PIC flag -fPIC -DPIC works
configure:8378: gcc -c -g -O2  -fPIC -DPIC -DPIC conftest.c >&5
configure:8382: $? = 0
configure:8395: result: yes
configure:8424: checking if gcc static flag -static works
configure:8452: result: yes
configure:8467: checking if gcc supports -c -o file.o
configure:8488: gcc -c -g -O2  -o out/conftest2.o conftest.c >&5
configure:8492: $? = 0
configure:8514: result: yes
configure:8522: checking if gcc supports -c -o file.o
configure:8569: result: yes
configure:8602: checking whether the gcc linker (/usr/bin/ld) supports shared libraries
configure:9759: result: yes
configure:9796: checking whether -lc should be explicitly linked in
configure:9804: gcc -c -g -O2  conftest.c >&5
configure:9807: $? = 0
configure:9822: gcc -shared  -fPIC -DPIC conftest.o  -v -Wl,-soname -Wl,conftest -o conftest 2\>\&1 \| /bin/grep  -lc  \>/dev/null 2\>\&1
configure:9825: $? = 0
configure:9839: result: no
configure:9999: checking dynamic linker characteristics
configure:10510: gcc -o conftest -g -O2   -Wl,-rpath -Wl,/foo conftest.c  >&5
configure:10510: $? = 0
configure:10744: result: GNU/Linux ld.so
configure:10851: checking how to hardcode library paths into programs
configure:10876: result: immediate
configure:11416: checking whether stripping libraries is possible
configure:11421: result: yes
configure:11456: checking if libtool supports shared libraries
configure:11458: result: yes
configure:11461: checking whether to build shared libraries
configure:11482: result: yes
configure:11485: checking whether to build static libraries
configure:11489: result: yes
configure:11534: checking for ANSI C header files
configure:11638: result: yes
configure:11648: checking assert.h usability
configure:11648: gcc -c -g -O2  conftest.c >&5
configure:11648: $? = 0
configure:11648: result: yes
configure:11648: checking assert.h presence
configure:11648: gcc -E  conftest.c
configure:11648: $? = 0
configure:11648: result: yes
configure:11648: checking for assert.h
configure:11648: result: yes
configure:11659: checking for an ANSI C-conforming const
configure:11725: gcc -c -g -O2  conftest.c >&5
configure:11725: $? = 0
configure:11732: result: yes
configure:11740: checking for inline
configure:11756: gcc -c -g -O2  conftest.c >&5
configure:11756: $? = 0
configure:11764: result: inline
configure:11786: checking size of long
configure:11791: gcc -o conftest -g -O2   conftest.c  >&5
configure:11791: $? = 0
configure:11791: ./conftest
configure:11791: $? = 0
configure:11805: result: 4
configure:11895: checking for posix_memalign
configure:11895: gcc -o conftest -Wall  -O3 -fomit-frame-pointer -D_XOPEN_SOURCE=600 -msse -msse2   conftest.c  >&5
configure:11895: $? = 0
configure:11895: result: yes
configure:11903: checking _mm_malloc availability
configure:11916: gcc -o conftest -Wall  -O3 -fomit-frame-pointer -D_XOPEN_SOURCE=600 -msse -msse2   conftest.c  >&5
configure:11916: $? = 0
configure:11921: result: found
configure:12077: creating ./config.status

## ---------------------- ##
## Running config.status. ##
## ---------------------- ##

This file was extended by libdvbcsa config.status 1.1.0, which was
generated by GNU Autoconf 2.69.  Invocation command line was

  CONFIG_FILES    = 
  CONFIG_HEADERS  = 
  CONFIG_LINKS    = 
  CONFIG_COMMANDS = 
  $ ./config.status 

on acer

config.status:1091: creating Makefile
config.status:1091: creating src/Makefile
config.status:1091: creating src/dvbcsa/Makefile
config.status:1091: creating test/Makefile
config.status:1091: creating config.h
config.status:1320: executing depfiles commands
config.status:1320: executing libtool commands

## ---------------- ##
## Cache variables. ##
## ---------------- ##

ac_cv_build=i686-pc-linux-gnu
ac_cv_c_compiler_gnu=yes
ac_cv_c_const=yes
ac_cv_c_inline=inline
ac_cv_env_CC_set=
ac_cv_env_CC_value=
ac_cv_env_CFLAGS_set=
ac_cv_env_CFLAGS_value=
ac_cv_env_CPPFLAGS_set=
ac_cv_env_CPPFLAGS_value=
ac_cv_env_CPP_set=
ac_cv_env_CPP_value=
ac_cv_env_LDFLAGS_set=
ac_cv_env_LDFLAGS_value=
ac_cv_env_LIBS_set=
ac_cv_env_LIBS_value=
ac_cv_env_build_alias_set=
ac_cv_env_build_alias_value=
ac_cv_env_host_alias_set=
ac_cv_env_host_alias_value=
ac_cv_env_target_alias_set=
ac_cv_env_target_alias_value=
ac_cv_func_posix_memalign=yes
ac_cv_header_assert_h=yes
ac_cv_header_dlfcn_h=yes
ac_cv_header_inttypes_h=yes
ac_cv_header_memory_h=yes
ac_cv_header_stdc=yes
ac_cv_header_stdint_h=yes
ac_cv_header_stdlib_h=yes
ac_cv_header_string_h=yes
ac_cv_header_strings_h=yes
ac_cv_header_sys_stat_h=yes
ac_cv_header_sys_types_h=yes
ac_cv_header_unistd_h=yes
ac_cv_host=i686-pc-linux-gnu
ac_cv_objext=o
ac_cv_path_EGREP='/bin/grep -E'
ac_cv_path_FGREP='/bin/grep -F'
ac_cv_path_GREP=/bin/grep
ac_cv_path_SED=/bin/sed
ac_cv_path_install='/usr/bin/install -c'
ac_cv_path_mkdir=/bin/mkdir
ac_cv_prog_AWK=mawk
ac_cv_prog_CPP='gcc -E'
ac_cv_prog_ac_ct_AR=ar
ac_cv_prog_ac_ct_CC=gcc
ac_cv_prog_ac_ct_MANIFEST_TOOL=mt
ac_cv_prog_ac_ct_OBJDUMP=objdump
ac_cv_prog_ac_ct_RANLIB=ranlib
ac_cv_prog_ac_ct_STRIP=strip
ac_cv_prog_cc_c89=
ac_cv_prog_cc_g=yes
ac_cv_prog_make_make_set=yes
ac_cv_sizeof_long=4
am_cv_CC_dependencies_compiler_type=gcc3
lt_cv_ar_at_file=@
lt_cv_archive_cmds_need_lc=no
lt_cv_deplibs_check_method=pass_all
lt_cv_file_magic_cmd='$MAGIC_CMD'
lt_cv_file_magic_test_file=
lt_cv_ld_reload_flag=-r
lt_cv_nm_interface='BSD nm'
lt_cv_objdir=.libs
lt_cv_path_LD=/usr/bin/ld
lt_cv_path_NM='/usr/bin/nm -B'
lt_cv_path_mainfest_tool=no
lt_cv_prog_compiler_c_o=yes
lt_cv_prog_compiler_pic='-fPIC -DPIC'
lt_cv_prog_compiler_pic_works=yes
lt_cv_prog_compiler_rtti_exceptions=no
lt_cv_prog_compiler_static_works=yes
lt_cv_prog_gnu_ld=yes
lt_cv_sharedlib_from_linklib_cmd='printf %s\n'
lt_cv_shlibpath_overrides_runpath=no
lt_cv_sys_global_symbol_pipe='sed -n -e '\''s/^.*[	 ]\([ABCDGIRSTW][ABCDGIRSTW]*\)[	 ][	 ]*\([_A-Za-z][_A-Za-z0-9]*\)$/\1 \2 \2/p'\'' | sed '\''/ __gnu_lto/d'\'''
lt_cv_sys_global_symbol_to_c_name_address='sed -n -e '\''s/^: \([^ ]*\)[ ]*$/  {\"\1\", (void *) 0},/p'\'' -e '\''s/^[ABCDGIRSTW]* \([^ ]*\) \([^ ]*\)$/  {"\2", (void *) \&\2},/p'\'''
lt_cv_sys_global_symbol_to_c_name_address_lib_prefix='sed -n -e '\''s/^: \([^ ]*\)[ ]*$/  {\"\1\", (void *) 0},/p'\'' -e '\''s/^[ABCDGIRSTW]* \([^ ]*\) \(lib[^ ]*\)$/  {"\2", (void *) \&\2},/p'\'' -e '\''s/^[ABCDGIRSTW]* \([^ ]*\) \([^ ]*\)$/  {"lib\2", (void *) \&\2},/p'\'''
lt_cv_sys_global_symbol_to_cdecl='sed -n -e '\''s/^T .* \(.*\)$/extern int \1();/p'\'' -e '\''s/^[ABCDGIRSTW]* .* \(.*\)$/extern char \1;/p'\'''
lt_cv_sys_max_cmd_len=1572864
lt_cv_to_host_file_cmd=func_convert_file_noop
lt_cv_to_tool_file_cmd=func_convert_file_noop

## ----------------- ##
## Output variables. ##
## ----------------- ##

ACLOCAL='${SHELL} /home/dc/openpli/openpliPC/libs/libdvbcsa/missing --run aclocal-1.11'
AMDEPBACKSLASH='\'
AMDEP_FALSE='#'
AMDEP_TRUE=''
AMTAR='$${TAR-tar}'
AR='ar'
AUTOCONF='${SHELL} /home/dc/openpli/openpliPC/libs/libdvbcsa/missing --run autoconf'
AUTOHEADER='${SHELL} /home/dc/openpli/openpliPC/libs/libdvbcsa/missing --run autoheader'
AUTOMAKE='${SHELL} /home/dc/openpli/openpliPC/libs/libdvbcsa/missing --run automake-1.11'
AWK='mawk'
CC='gcc'
CCDEPMODE='depmode=gcc3'
CFLAGS='-Wall  -O3 -fomit-frame-pointer -D_XOPEN_SOURCE=600 -msse -msse2'
CPP='gcc -E'
CPPFLAGS=''
CYGPATH_W='echo'
DEFS='-DHAVE_CONFIG_H'
DEPDIR='.deps'
DLLTOOL='false'
DSYMUTIL=''
DUMPBIN=''
ECHO_C=''
ECHO_N='-n'
ECHO_T=''
EGREP='/bin/grep -E'
EXEEXT=''
FGREP='/bin/grep -F'
GREP='/bin/grep'
INSTALL_DATA='${INSTALL} -m 644'
INSTALL_PROGRAM='${INSTALL}'
INSTALL_SCRIPT='${INSTALL}'
INSTALL_STRIP_PROGRAM='$(install_sh) -c -s'
LD='/usr/bin/ld'
LDFLAGS=''
LIBOBJS=''
LIBS=''
LIBTOOL='$(SHELL) $(top_builddir)/libtool'
LIPO=''
LN_S='ln -s'
LTLIBOBJS=''
MAKEINFO='${SHELL} /home/dc/openpli/openpliPC/libs/libdvbcsa/missing --run makeinfo'
MANIFEST_TOOL=':'
MKDIR_P='/bin/mkdir -p'
NM='/usr/bin/nm -B'
NMEDIT=''
OBJDUMP='objdump'
OBJEXT='o'
OTOOL64=''
OTOOL=''
PACKAGE='libdvbcsa'
PACKAGE_BUGREPORT=''
PACKAGE_NAME='libdvbcsa'
PACKAGE_STRING='libdvbcsa 1.1.0'
PACKAGE_TARNAME='libdvbcsa'
PACKAGE_URL=''
PACKAGE_VERSION='1.1.0'
PATH_SEPARATOR=':'
RANLIB='ranlib'
SED='/bin/sed'
SET_MAKE=''
SHELL='/bin/bash'
STRIP='strip'
TRANSPOSE_128_FALSE='#'
TRANSPOSE_128_TRUE=''
TRANSPOSE_32_FALSE=''
TRANSPOSE_32_TRUE='#'
TRANSPOSE_64_FALSE=''
TRANSPOSE_64_TRUE='#'
VERSION='1.1.0'
ac_ct_AR='ar'
ac_ct_CC='gcc'
ac_ct_DUMPBIN=''
am__EXEEXT_FALSE=''
am__EXEEXT_TRUE='#'
am__fastdepCC_FALSE='#'
am__fastdepCC_TRUE=''
am__include='include'
am__isrc=''
am__leading_dot='.'
am__nodep='_no'
am__quote=''
am__tar='$${TAR-tar} chof - "$$tardir"'
am__untar='$${TAR-tar} xf -'
bindir='${exec_prefix}/bin'
build='i686-pc-linux-gnu'
build_alias=''
build_cpu='i686'
build_os='linux-gnu'
build_vendor='pc'
datadir='${datarootdir}'
datarootdir='${prefix}/share'
docdir='${datarootdir}/doc/${PACKAGE_TARNAME}'
dvidir='${docdir}'
exec_prefix='${prefix}'
host='i686-pc-linux-gnu'
host_alias=''
host_cpu='i686'
host_os='linux-gnu'
host_vendor='pc'
htmldir='${docdir}'
includedir='${prefix}/include'
infodir='${datarootdir}/info'
install_sh='${SHELL} /home/dc/openpli/openpliPC/libs/libdvbcsa/install-sh'
libdir='${exec_prefix}/lib'
libexecdir='${exec_prefix}/libexec'
localedir='${datarootdir}/locale'
localstatedir='${prefix}/var'
mandir='${datarootdir}/man'
mkdir_p='/bin/mkdir -p'
oldincludedir='/usr/include'
pdfdir='${docdir}'
prefix='/usr'
program_transform_name='s,x,x,'
psdir='${docdir}'
sbindir='${exec_prefix}/sbin'
sharedstatedir='${prefix}/com'
sysconfdir='${prefix}/etc'
target_alias=''

## ----------- ##
## confdefs.h. ##
## ----------- ##

/* confdefs.h */
#define PACKAGE_NAME "libdvbcsa"
#define PACKAGE_TARNAME "libdvbcsa"
#define PACKAGE_VERSION "1.1.0"
#define PACKAGE_STRING "libdvbcsa 1.1.0"
#define PACKAGE_BUGREPORT ""
#define PACKAGE_URL ""
#define PACKAGE "libdvbcsa"
#define VERSION "1.1.0"
#define STDC_HEADERS 1
#define HAVE_SYS_TYPES_H 1
#define HAVE_SYS_STAT_H 1
#define HAVE_STDLIB_H 1
#define HAVE_STRING_H 1
#define HAVE_MEMORY_H 1
#define HAVE_STRINGS_H 1
#define HAVE_INTTYPES_H 1
#define HAVE_STDINT_H 1
#define HAVE_UNISTD_H 1
#define HAVE_DLFCN_H 1
#define LT_OBJDIR ".libs/"
#define STDC_HEADERS 1
#define HAVE_ASSERT_H 1
#define SIZEOF_LONG 4
#define DVBCSA_USE_SSE 1
#define HAVE_POSIX_MEMALIGN 1
#define HAVE_MM_MALLOC 1

configure: exit 0
